2024/07/08 03:34:39 [error] [system.db.CDbCommand] CDbCommand::fetchAll() failed: SQLSTATE[42S02]: Base table or view not found: 1146 Table 'yii_blog.tbl_migration' doesn't exist. The SQL statement executed was: SHOW FULL COLUMNS FROM `tbl_migration`.
2024/07/08 03:34:41 [error] [php] include(m240707_233323_create_user_table.php): Failed to open stream: No such file or directory (/home/shawgi/task/yii/blog/framework/YiiBase.php:463)
Stack trace:
#0 /home/shawgi/task/yii/blog/framework/cli/commands/MigrateCommand.php(414): MigrateCommand->instantiateMigration()
#1 /home/shawgi/task/yii/blog/framework/cli/commands/MigrateCommand.php(109): MigrateCommand->migrateUp()
#2 unknown(0): MigrateCommand->actionUp()
#3 /home/shawgi/task/yii/blog/framework/console/CConsoleCommand.php(172): ReflectionMethod->invokeArgs()
#4 /home/shawgi/task/yii/blog/framework/console/CConsoleCommandRunner.php(71): MigrateCommand->run()
#5 /home/shawgi/task/yii/blog/framework/console/CConsoleApplication.php(92): CConsoleCommandRunner->run()
#6 /home/shawgi/task/yii/blog/framework/base/CApplication.php(185): CConsoleApplication->processRequest()
#7 /home/shawgi/task/yii/blog/framework/yiic.php(33): CConsoleApplication->run()
#8 /home/shawgi/task/yii/blog/protected/yiic.php(7): require_once()
#9 /home/shawgi/task/yii/blog/protected/yiic(4): require_once()

2024/07/08 03:44:16 [error] [exception.ParseError] ParseError: syntax error, unexpected token "," in /home/shawgi/task/yii/blog/protected/views/layouts/main.php:2
Stack trace:
#0 /home/shawgi/task/yii/blog/framework/web/CBaseController.php(95): CBaseController->renderInternal()
#1 /home/shawgi/task/yii/blog/framework/web/widgets/CContentDecorator.php(76): CBaseController->renderFile()
#2 /home/shawgi/task/yii/blog/framework/web/widgets/CContentDecorator.php(54): CContentDecorator->decorate()
#3 /home/shawgi/task/yii/blog/framework/web/widgets/COutputProcessor.php(44): CContentDecorator->processOutput()
#4 /home/shawgi/task/yii/blog/framework/web/CBaseController.php(215): COutputProcessor->run()
#5 /home/shawgi/task/yii/blog/framework/web/CBaseController.php(309): CBaseController->endWidget()
#6 /home/shawgi/task/yii/blog/protected/views/layouts/column1.php(6): CBaseController->endContent()
#7 /home/shawgi/task/yii/blog/framework/web/CBaseController.php(126): require('...')
#8 /home/shawgi/task/yii/blog/framework/web/CBaseController.php(95): CBaseController->renderInternal()
#9 /home/shawgi/task/yii/blog/framework/web/CController.php(787): CBaseController->renderFile()
#10 /home/shawgi/task/yii/blog/protected/controllers/UserController.php(28): CController->render()
#11 /home/shawgi/task/yii/blog/framework/web/actions/CInlineAction.php(49): UserController->actionRegister()
#12 /home/shawgi/task/yii/blog/framework/web/CController.php(308): CInlineAction->runWithParams()
#13 /home/shawgi/task/yii/blog/framework/web/CController.php(286): CController->runAction()
#14 /home/shawgi/task/yii/blog/framework/web/CController.php(265): CController->runActionWithFilters()
#15 /home/shawgi/task/yii/blog/framework/web/CWebApplication.php(282): CController->run()
#16 /home/shawgi/task/yii/blog/framework/web/CWebApplication.php(141): CWebApplication->runController()
#17 /home/shawgi/task/yii/blog/framework/base/CApplication.php(185): CWebApplication->processRequest()
#18 /home/shawgi/task/yii/blog/index.php(13): CApplication->run()
#19 {main}
REQUEST_URI=/index.php?r=user/register
---
2024/07/08 03:53:40 [error] [system.db.CDbCommand] CDbCommand::fetchAll() failed: SQLSTATE[42S02]: Base table or view not found: 1146 Table 'yii_blog.tbl_user' doesn't exist. The SQL statement executed was: SHOW FULL COLUMNS FROM `tbl_user`.
in /home/shawgi/task/yii/blog/protected/controllers/UserController.php (12)
in /home/shawgi/task/yii/blog/index.php (13)
2024/07/08 03:53:40 [error] [exception.CDbException] CDbException: The table "tbl_user" for active record class "User" cannot be found in the database. in /home/shawgi/task/yii/blog/framework/db/ar/CActiveRecord.php:2390
Stack trace:
#0 /home/shawgi/task/yii/blog/framework/db/ar/CActiveRecord.php(413): CActiveRecordMetaData->__construct()
#1 /home/shawgi/task/yii/blog/framework/db/ar/CActiveRecord.php(663): CActiveRecord->getMetaData()
#2 /home/shawgi/task/yii/blog/framework/validators/CUniqueValidator.php(96): CActiveRecord->getTableSchema()
#3 /home/shawgi/task/yii/blog/framework/validators/CValidator.php(201): CUniqueValidator->validateAttribute()
#4 /home/shawgi/task/yii/blog/framework/base/CModel.php(159): CValidator->validate()
#5 /home/shawgi/task/yii/blog/protected/controllers/UserController.php(12): CModel->validate()
#6 /home/shawgi/task/yii/blog/framework/web/actions/CInlineAction.php(49): UserController->actionRegister()
#7 /home/shawgi/task/yii/blog/framework/web/CController.php(308): CInlineAction->runWithParams()
#8 /home/shawgi/task/yii/blog/framework/web/CController.php(286): CController->runAction()
#9 /home/shawgi/task/yii/blog/framework/web/CController.php(265): CController->runActionWithFilters()
#10 /home/shawgi/task/yii/blog/framework/web/CWebApplication.php(282): CController->run()
#11 /home/shawgi/task/yii/blog/framework/web/CWebApplication.php(141): CWebApplication->runController()
#12 /home/shawgi/task/yii/blog/framework/base/CApplication.php(185): CWebApplication->processRequest()
#13 /home/shawgi/task/yii/blog/index.php(13): CApplication->run()
#14 {main}
REQUEST_URI=/index.php?r=user/register
HTTP_REFERER=http://172.24.177.208:8080/index.php?r=user/register
---
2024/07/08 04:11:01 [error] [system.db.CDbCommand] CDbCommand::fetchAll() failed: SQLSTATE[42S02]: Base table or view not found: 1146 Table 'yii_blog.tbl_user' doesn't exist. The SQL statement executed was: SHOW FULL COLUMNS FROM `tbl_user`.
in /home/shawgi/task/yii/blog/protected/components/UserIdentity.php (9)
in /home/shawgi/task/yii/blog/protected/models/LoginForm.php (54)
in /home/shawgi/task/yii/blog/protected/controllers/SiteController.php (94)
2024/07/08 04:11:01 [error] [exception.CDbException] CDbException: The table "tbl_user" for active record class "User" cannot be found in the database. in /home/shawgi/task/yii/blog/framework/db/ar/CActiveRecord.php:2390
Stack trace:
#0 /home/shawgi/task/yii/blog/framework/db/ar/CActiveRecord.php(413): CActiveRecordMetaData->__construct()
#1 /home/shawgi/task/yii/blog/framework/db/ar/CActiveRecord.php(663): CActiveRecord->getMetaData()
#2 /home/shawgi/task/yii/blog/framework/db/ar/CActiveRecord.php(1526): CActiveRecord->getTableSchema()
#3 /home/shawgi/task/yii/blog/protected/components/UserIdentity.php(9): CActiveRecord->findByAttributes()
#4 /home/shawgi/task/yii/blog/protected/models/LoginForm.php(54): UserIdentity->authenticate()
#5 /home/shawgi/task/yii/blog/framework/validators/CInlineValidator.php(42): LoginForm->authenticate()
#6 /home/shawgi/task/yii/blog/framework/validators/CValidator.php(201): CInlineValidator->validateAttribute()
#7 /home/shawgi/task/yii/blog/framework/base/CModel.php(159): CValidator->validate()
#8 /home/shawgi/task/yii/blog/protected/controllers/SiteController.php(94): CModel->validate()
#9 /home/shawgi/task/yii/blog/framework/web/actions/CInlineAction.php(49): SiteController->actionLogin()
#10 /home/shawgi/task/yii/blog/framework/web/CController.php(308): CInlineAction->runWithParams()
#11 /home/shawgi/task/yii/blog/framework/web/CController.php(286): CController->runAction()
#12 /home/shawgi/task/yii/blog/framework/web/CController.php(265): CController->runActionWithFilters()
#13 /home/shawgi/task/yii/blog/framework/web/CWebApplication.php(282): CController->run()
#14 /home/shawgi/task/yii/blog/framework/web/CWebApplication.php(141): CWebApplication->runController()
#15 /home/shawgi/task/yii/blog/framework/base/CApplication.php(185): CWebApplication->processRequest()
#16 /home/shawgi/task/yii/blog/index.php(13): CApplication->run()
#17 {main}
REQUEST_URI=/index.php?r=site/login
HTTP_REFERER=http://172.24.177.208:8080/index.php?r=site/login
---
2024/07/08 04:21:32 [error] [system.db.CDbCommand] CDbCommand::fetchAll() failed: SQLSTATE[42S02]: Base table or view not found: 1146 Table 'yii_blog.tbl_user' doesn't exist. The SQL statement executed was: SHOW FULL COLUMNS FROM `tbl_user`.
in /home/shawgi/task/yii/blog/protected/components/UserIdentity.php (9)
in /home/shawgi/task/yii/blog/protected/models/LoginForm.php (54)
in /home/shawgi/task/yii/blog/protected/controllers/SiteController.php (94)
2024/07/08 04:21:32 [error] [exception.CDbException] CDbException: The table "tbl_user" for active record class "User" cannot be found in the database. in /home/shawgi/task/yii/blog/framework/db/ar/CActiveRecord.php:2390
Stack trace:
#0 /home/shawgi/task/yii/blog/framework/db/ar/CActiveRecord.php(413): CActiveRecordMetaData->__construct()
#1 /home/shawgi/task/yii/blog/framework/db/ar/CActiveRecord.php(663): CActiveRecord->getMetaData()
#2 /home/shawgi/task/yii/blog/framework/db/ar/CActiveRecord.php(1526): CActiveRecord->getTableSchema()
#3 /home/shawgi/task/yii/blog/protected/components/UserIdentity.php(9): CActiveRecord->findByAttributes()
#4 /home/shawgi/task/yii/blog/protected/models/LoginForm.php(54): UserIdentity->authenticate()
#5 /home/shawgi/task/yii/blog/framework/validators/CInlineValidator.php(42): LoginForm->authenticate()
#6 /home/shawgi/task/yii/blog/framework/validators/CValidator.php(201): CInlineValidator->validateAttribute()
#7 /home/shawgi/task/yii/blog/framework/base/CModel.php(159): CValidator->validate()
#8 /home/shawgi/task/yii/blog/protected/controllers/SiteController.php(94): CModel->validate()
#9 /home/shawgi/task/yii/blog/framework/web/actions/CInlineAction.php(49): SiteController->actionLogin()
#10 /home/shawgi/task/yii/blog/framework/web/CController.php(308): CInlineAction->runWithParams()
#11 /home/shawgi/task/yii/blog/framework/web/CController.php(286): CController->runAction()
#12 /home/shawgi/task/yii/blog/framework/web/CController.php(265): CController->runActionWithFilters()
#13 /home/shawgi/task/yii/blog/framework/web/CWebApplication.php(282): CController->run()
#14 /home/shawgi/task/yii/blog/framework/web/CWebApplication.php(141): CWebApplication->runController()
#15 /home/shawgi/task/yii/blog/framework/base/CApplication.php(185): CWebApplication->processRequest()
#16 /home/shawgi/task/yii/blog/index.php(13): CApplication->run()
#17 {main}
REQUEST_URI=/index.php?r=site/login
HTTP_REFERER=http://172.24.177.208:8080/index.php?r=site/login
---
2024/07/08 04:22:49 [error] [system.db.CDbCommand] CDbCommand::fetchAll() failed: SQLSTATE[42S02]: Base table or view not found: 1146 Table 'yii_blog.tbl_user' doesn't exist. The SQL statement executed was: SHOW FULL COLUMNS FROM `tbl_user`.
in /home/shawgi/task/yii/blog/protected/controllers/UserController.php (12)
in /home/shawgi/task/yii/blog/index.php (13)
2024/07/08 04:22:49 [error] [exception.CDbException] CDbException: The table "tbl_user" for active record class "User" cannot be found in the database. in /home/shawgi/task/yii/blog/framework/db/ar/CActiveRecord.php:2390
Stack trace:
#0 /home/shawgi/task/yii/blog/framework/db/ar/CActiveRecord.php(413): CActiveRecordMetaData->__construct()
#1 /home/shawgi/task/yii/blog/framework/db/ar/CActiveRecord.php(663): CActiveRecord->getMetaData()
#2 /home/shawgi/task/yii/blog/framework/validators/CUniqueValidator.php(96): CActiveRecord->getTableSchema()
#3 /home/shawgi/task/yii/blog/framework/validators/CValidator.php(201): CUniqueValidator->validateAttribute()
#4 /home/shawgi/task/yii/blog/framework/base/CModel.php(159): CValidator->validate()
#5 /home/shawgi/task/yii/blog/protected/controllers/UserController.php(12): CModel->validate()
#6 /home/shawgi/task/yii/blog/framework/web/actions/CInlineAction.php(49): UserController->actionRegister()
#7 /home/shawgi/task/yii/blog/framework/web/CController.php(308): CInlineAction->runWithParams()
#8 /home/shawgi/task/yii/blog/framework/web/CController.php(286): CController->runAction()
#9 /home/shawgi/task/yii/blog/framework/web/CController.php(265): CController->runActionWithFilters()
#10 /home/shawgi/task/yii/blog/framework/web/CWebApplication.php(282): CController->run()
#11 /home/shawgi/task/yii/blog/framework/web/CWebApplication.php(141): CWebApplication->runController()
#12 /home/shawgi/task/yii/blog/framework/base/CApplication.php(185): CWebApplication->processRequest()
#13 /home/shawgi/task/yii/blog/index.php(13): CApplication->run()
#14 {main}
REQUEST_URI=/index.php?r=user/register
HTTP_REFERER=http://172.24.177.208:8080/index.php?r=user/register
---
2024/07/08 04:23:28 [error] [php] include(m240707_233323_create_user_table.php): Failed to open stream: No such file or directory (/home/shawgi/task/yii/blog/framework/YiiBase.php:463)
Stack trace:
#0 /home/shawgi/task/yii/blog/framework/cli/commands/MigrateCommand.php(414): MigrateCommand->instantiateMigration()
#1 /home/shawgi/task/yii/blog/framework/cli/commands/MigrateCommand.php(109): MigrateCommand->migrateUp()
#2 unknown(0): MigrateCommand->actionUp()
#3 /home/shawgi/task/yii/blog/framework/console/CConsoleCommand.php(172): ReflectionMethod->invokeArgs()
#4 /home/shawgi/task/yii/blog/framework/console/CConsoleCommandRunner.php(71): MigrateCommand->run()
#5 /home/shawgi/task/yii/blog/framework/console/CConsoleApplication.php(92): CConsoleCommandRunner->run()
#6 /home/shawgi/task/yii/blog/framework/base/CApplication.php(185): CConsoleApplication->processRequest()
#7 /home/shawgi/task/yii/blog/framework/yiic.php(33): CConsoleApplication->run()
#8 /home/shawgi/task/yii/blog/protected/yiic.php(7): require_once()
#9 /home/shawgi/task/yii/blog/protected/yiic(4): require_once()

2024/07/08 04:26:48 [error] [system.db.CDbCommand] CDbCommand::fetchAll() failed: SQLSTATE[42S02]: Base table or view not found: 1146 Table 'yii_blog.tbl_user' doesn't exist. The SQL statement executed was: SHOW FULL COLUMNS FROM `tbl_user`.
in /home/shawgi/task/yii/blog/protected/controllers/UserController.php (12)
in /home/shawgi/task/yii/blog/index.php (13)
2024/07/08 04:26:48 [error] [exception.CDbException] CDbException: The table "tbl_user" for active record class "User" cannot be found in the database. in /home/shawgi/task/yii/blog/framework/db/ar/CActiveRecord.php:2390
Stack trace:
#0 /home/shawgi/task/yii/blog/framework/db/ar/CActiveRecord.php(413): CActiveRecordMetaData->__construct()
#1 /home/shawgi/task/yii/blog/framework/db/ar/CActiveRecord.php(663): CActiveRecord->getMetaData()
#2 /home/shawgi/task/yii/blog/framework/validators/CUniqueValidator.php(96): CActiveRecord->getTableSchema()
#3 /home/shawgi/task/yii/blog/framework/validators/CValidator.php(201): CUniqueValidator->validateAttribute()
#4 /home/shawgi/task/yii/blog/framework/base/CModel.php(159): CValidator->validate()
#5 /home/shawgi/task/yii/blog/protected/controllers/UserController.php(12): CModel->validate()
#6 /home/shawgi/task/yii/blog/framework/web/actions/CInlineAction.php(49): UserController->actionRegister()
#7 /home/shawgi/task/yii/blog/framework/web/CController.php(308): CInlineAction->runWithParams()
#8 /home/shawgi/task/yii/blog/framework/web/CController.php(286): CController->runAction()
#9 /home/shawgi/task/yii/blog/framework/web/CController.php(265): CController->runActionWithFilters()
#10 /home/shawgi/task/yii/blog/framework/web/CWebApplication.php(282): CController->run()
#11 /home/shawgi/task/yii/blog/framework/web/CWebApplication.php(141): CWebApplication->runController()
#12 /home/shawgi/task/yii/blog/framework/base/CApplication.php(185): CWebApplication->processRequest()
#13 /home/shawgi/task/yii/blog/index.php(13): CApplication->run()
#14 {main}
REQUEST_URI=/index.php?r=user/register
HTTP_REFERER=http://172.24.177.208:8080/index.php?r=user/register
---
2024/07/08 04:43:18 [error] [php] include(m240707_233323_create_user_table.php): Failed to open stream: No such file or directory (/home/shawgi/task/yii/blog/framework/YiiBase.php:463)
Stack trace:
#0 /home/shawgi/task/yii/blog/framework/cli/commands/MigrateCommand.php(414): MigrateCommand->instantiateMigration()
#1 /home/shawgi/task/yii/blog/framework/cli/commands/MigrateCommand.php(109): MigrateCommand->migrateUp()
#2 unknown(0): MigrateCommand->actionUp()
#3 /home/shawgi/task/yii/blog/framework/console/CConsoleCommand.php(172): ReflectionMethod->invokeArgs()
#4 /home/shawgi/task/yii/blog/framework/console/CConsoleCommandRunner.php(71): MigrateCommand->run()
#5 /home/shawgi/task/yii/blog/framework/console/CConsoleApplication.php(92): CConsoleCommandRunner->run()
#6 /home/shawgi/task/yii/blog/framework/base/CApplication.php(185): CConsoleApplication->processRequest()
#7 /home/shawgi/task/yii/blog/framework/yiic.php(33): CConsoleApplication->run()
#8 /home/shawgi/task/yii/blog/protected/yiic.php(7): require_once()
#9 /home/shawgi/task/yii/blog/protected/yiic(4): require_once()

